<?xml version="1.0" encoding="UTF-8"?>
<testsuites name="parent can join to school" time="99" tests="3" failures="1" errors="0">
   <testsuite name="parent can join to school" tests="3" failures="1" errors="0" time="99" timestamp="2018-12-08 14:28:00" hostname="M.Kamel - 10.1.210.151" id="Test Suites/parent can join to school">
      <properties>
         <property name="deviceName" value=""/>
         <property name="devicePlatform" value=""/>
         <property name="logFolder" value="C:\\Users\\M.Kamel\\git\\regression2\\Reports\\parent can join to school\\20181208_142756"/>
         <property name="logFiles" value="C:\\Users\\M.Kamel\\git\\regression2\\Reports\\parent can join to school\\20181208_142756\\execution0.log"/>
         <property name="attachments" value="C:\\Users\\M.Kamel\\git\\regression2\\Reports\\parent can join to school\\20181208_142756\\1544272178728.png"/>
         <property name="hostName" value="M.Kamel - 10.1.210.151"/>
         <property name="os" value="Windows 10 64bit"/>
         <property name="katalonVersion" value="5.7.1.1"/>
         <property name="browser" value="Chrome 70.0.3538.110"/>
         <property name="hostAddress" value="10.1.210.151"/>
         <property name="sessionId" value="c134d8a5f6e54b2760856c7a4c31c53b"/>
         <property name="seleniumVersion" value="3.7.1"/>
         <property name="proxyInformation" value="ProxyInformation{proxyOption=NO_PROXY, proxyServerType=HTTP, password=, proxyServerAddress=, proxyServerPort=0}"/>
         <property name="platform" value="Windows 10"/>
      </properties>
      <testcase name="Test Cases/Final/REG as parent" classname="Test Cases/Final/REG as parent" status="PASSED">
         <system-out><![CDATA[2018-12-08 14:28:01 - [TEST_CASE][PASSED] - Test Cases/Final/REG as parent: Test Cases/Final/REG as parent

2018-12-08 14:28:01 - [TEST_STEP][PASSED] - openBrowser: Browser is opened with url: ''

2018-12-08 14:28:09 - [MESSAGE][PASSED] - Browser is opened with url: ''

2018-12-08 14:28:09 - [TEST_STEP][PASSED] - maximizeWindow: Current window maximized

2018-12-08 14:28:10 - [MESSAGE][PASSED] - Current window maximized

2018-12-08 14:28:10 - [TEST_STEP][PASSED] - navigateToUrl: Navigate to 'http://www.schooolz.com/parent/create' successfully

2018-12-08 14:28:14 - [MESSAGE][PASSED] - Navigate to 'http://www.schooolz.com/parent/create' successfully

2018-12-08 14:28:14 - [TEST_STEP][PASSED] - delay: Delayed 5 second(s)

2018-12-08 14:28:19 - [MESSAGE][PASSED] - Delayed 5 second(s)

2018-12-08 14:28:19 - [TEST_STEP][PASSED] - setText: Text 'oBSkJ' is set on object 'Object Repository/REG as parent/par_name'

2018-12-08 14:28:20 - [MESSAGE][PASSED] - Text 'oBSkJ' is set on object 'Object Repository/REG as parent/par_name'

2018-12-08 14:28:20 - [TEST_STEP][PASSED] - Statement - par_uname = org.apache.commons.lang.RandomStringUtils.randomAlphabetic(6): null

2018-12-08 14:28:20 - [TEST_STEP][PASSED] - setText: Text 'yYyELI' is set on object 'Object Repository/REG as parent/user_name'

2018-12-08 14:28:20 - [MESSAGE][PASSED] - Text 'yYyELI' is set on object 'Object Repository/REG as parent/user_name'

2018-12-08 14:28:20 - [TEST_STEP][PASSED] - setText: Text 'MJv@gmai.com' is set on object 'Object Repository/REG as parent/Email'

2018-12-08 14:28:20 - [MESSAGE][PASSED] - Text 'MJv@gmai.com' is set on object 'Object Repository/REG as parent/Email'

2018-12-08 14:28:20 - [TEST_STEP][PASSED] - setText: Text '123456789' is set on object 'Object Repository/REG as parent/password'

2018-12-08 14:28:21 - [MESSAGE][PASSED] - Text '123456789' is set on object 'Object Repository/REG as parent/password'

2018-12-08 14:28:21 - [TEST_STEP][PASSED] - setText: Text '123456789' is set on object 'Object Repository/REG as parent/conf_password'

2018-12-08 14:28:21 - [MESSAGE][PASSED] - Text '123456789' is set on object 'Object Repository/REG as parent/conf_password'

2018-12-08 14:28:21 - [TEST_STEP][PASSED] - selectOptionByValue: All options with value '1' are selected in object 'Object Repository/REG as parent/country' 

2018-12-08 14:28:21 - [MESSAGE][PASSED] - All options with value '1' are selected in object 'Object Repository/REG as parent/country' 

2018-12-08 14:28:21 - [TEST_STEP][PASSED] - delay: Delayed 3 second(s)

2018-12-08 14:28:24 - [MESSAGE][PASSED] - Delayed 3 second(s)

2018-12-08 14:28:24 - [TEST_STEP][PASSED] - selectOptionByIndex: All options with index in [1] are selected on object 'Object Repository/REG as parent/city'

2018-12-08 14:28:24 - [MESSAGE][PASSED] - All options with index in [1] are selected on object 'Object Repository/REG as parent/city'

2018-12-08 14:28:24 - [TEST_STEP][PASSED] - delay: Delayed 3 second(s)

2018-12-08 14:28:27 - [MESSAGE][PASSED] - Delayed 3 second(s)

2018-12-08 14:28:27 - [TEST_STEP][PASSED] - selectOptionByValue: All options with value '8' are selected in object 'Object Repository/REG as parent/region' 

2018-12-08 14:28:28 - [MESSAGE][PASSED] - All options with value '8' are selected in object 'Object Repository/REG as parent/region' 

2018-12-08 14:28:28 - [TEST_STEP][PASSED] - delay: Delayed 5 second(s)

2018-12-08 14:28:33 - [MESSAGE][PASSED] - Delayed 5 second(s)

2018-12-08 14:28:33 - [TEST_STEP][PASSED] - setText: Text 'helioplis' is set on object 'Object Repository/REG as parent/address'

2018-12-08 14:28:33 - [MESSAGE][PASSED] - Text 'helioplis' is set on object 'Object Repository/REG as parent/address'

2018-12-08 14:28:33 - [TEST_STEP][PASSED] - setText: Text '10/10/2010' is set on object 'Object Repository/REG as parent/date_birth'

2018-12-08 14:28:33 - [MESSAGE][PASSED] - Text '10/10/2010' is set on object 'Object Repository/REG as parent/date_birth'

2018-12-08 14:28:33 - [TEST_STEP][PASSED] - delay: Delayed 5 second(s)

2018-12-08 14:28:38 - [MESSAGE][PASSED] - Delayed 5 second(s)

2018-12-08 14:28:38 - [TEST_STEP][PASSED] - uploadFile: File 'C:\Users\M.Kamel\git\regression2\Data Files\1.jpg' sent to object: 'Object Repository/REG as parent/image'

2018-12-08 14:28:38 - [MESSAGE][PASSED] - File 'C:\Users\M.Kamel\git\regression2\Data Files\1.jpg' sent to object: 'Object Repository/REG as parent/image'

2018-12-08 14:28:38 - [TEST_STEP][PASSED] - delay: Delayed 5 second(s)

2018-12-08 14:28:43 - [MESSAGE][PASSED] - Delayed 5 second(s)

2018-12-08 14:28:43 - [TEST_STEP][PASSED] - click: Object: 'Object Repository/REG as parent/save_btn' is clicked on

2018-12-08 14:28:46 - [MESSAGE][PASSED] - Object: 'Object Repository/REG as parent/save_btn' is clicked on]]></system-out>
         <system-err><![CDATA[]]></system-err>
      </testcase>
      <testcase name="Test Cases/Final/logout - Copy" classname="Test Cases/Final/logout - Copy" status="PASSED">
         <system-out><![CDATA[2018-12-08 14:28:46 - [TEST_CASE][PASSED] - Test Cases/Final/logout - Copy: Test Cases/Final/logout - Copy

2018-12-08 14:28:46 - [TEST_STEP][NOT_RUN] - openBrowser: NOT_RUN: openBrowser

2018-12-08 14:28:46 - [MESSAGE][NOT_RUN] - NOT_RUN: openBrowser

2018-12-08 14:28:46 - [TEST_STEP][NOT_RUN] - maximizeWindow: NOT_RUN: maximizeWindow

2018-12-08 14:28:46 - [MESSAGE][NOT_RUN] - NOT_RUN: maximizeWindow

2018-12-08 14:28:46 - [TEST_STEP][NOT_RUN] - navigateToUrl: NOT_RUN: navigateToUrl

2018-12-08 14:28:46 - [MESSAGE][NOT_RUN] - NOT_RUN: navigateToUrl

2018-12-08 14:28:46 - [TEST_STEP][NOT_RUN] - delay: NOT_RUN: delay

2018-12-08 14:28:46 - [MESSAGE][NOT_RUN] - NOT_RUN: delay

2018-12-08 14:28:46 - [TEST_STEP][NOT_RUN] - click: NOT_RUN: click

2018-12-08 14:28:46 - [MESSAGE][NOT_RUN] - NOT_RUN: click

2018-12-08 14:28:46 - [TEST_STEP][NOT_RUN] - delay: NOT_RUN: delay

2018-12-08 14:28:46 - [MESSAGE][NOT_RUN] - NOT_RUN: delay

2018-12-08 14:28:46 - [TEST_STEP][NOT_RUN] - setText: NOT_RUN: setText

2018-12-08 14:28:46 - [MESSAGE][NOT_RUN] - NOT_RUN: setText

2018-12-08 14:28:46 - [TEST_STEP][NOT_RUN] - delay: NOT_RUN: delay

2018-12-08 14:28:46 - [MESSAGE][NOT_RUN] - NOT_RUN: delay

2018-12-08 14:28:46 - [TEST_STEP][NOT_RUN] - setText: NOT_RUN: setText

2018-12-08 14:28:46 - [MESSAGE][NOT_RUN] - NOT_RUN: setText

2018-12-08 14:28:46 - [TEST_STEP][NOT_RUN] - delay: NOT_RUN: delay

2018-12-08 14:28:46 - [MESSAGE][NOT_RUN] - NOT_RUN: delay

2018-12-08 14:28:46 - [TEST_STEP][NOT_RUN] - click: NOT_RUN: click

2018-12-08 14:28:46 - [MESSAGE][NOT_RUN] - NOT_RUN: click

2018-12-08 14:28:46 - [TEST_STEP][PASSED] - delay: Delayed 5 second(s)

2018-12-08 14:28:51 - [MESSAGE][PASSED] - Delayed 5 second(s)

2018-12-08 14:28:51 - [TEST_STEP][PASSED] - click: Object: 'Object Repository/HomeScreen/profile_icon' is clicked on

2018-12-08 14:28:51 - [MESSAGE][PASSED] - Object: 'Object Repository/HomeScreen/profile_icon' is clicked on

2018-12-08 14:28:51 - [TEST_STEP][PASSED] - delay: Delayed 5 second(s)

2018-12-08 14:28:56 - [MESSAGE][PASSED] - Delayed 5 second(s)

2018-12-08 14:28:56 - [TEST_STEP][PASSED] - click: Object: 'Object Repository/HomeScreen/logout_button' is clicked on

2018-12-08 14:29:04 - [MESSAGE][PASSED] - Object: 'Object Repository/HomeScreen/logout_button' is clicked on]]></system-out>
         <system-err><![CDATA[]]></system-err>
      </testcase>
      <testcase name="Test Cases/Final/login as parent - Copy" classname="Test Cases/Final/login as parent - Copy" status="PASSED">
         <system-out><![CDATA[2018-12-08 14:29:04 - [TEST_CASE][PASSED] - Test Cases/Final/login as parent - Copy: Test Cases/Final/login as parent - Copy

2018-12-08 14:29:04 - [TEST_STEP][NOT_RUN] - openBrowser: NOT_RUN: openBrowser

2018-12-08 14:29:04 - [MESSAGE][NOT_RUN] - NOT_RUN: openBrowser

2018-12-08 14:29:04 - [TEST_STEP][NOT_RUN] - maximizeWindow: NOT_RUN: maximizeWindow

2018-12-08 14:29:04 - [MESSAGE][NOT_RUN] - NOT_RUN: maximizeWindow

2018-12-08 14:29:04 - [TEST_STEP][PASSED] - navigateToUrl: Navigate to 'https://www.schooolz.com' successfully

2018-12-08 14:29:15 - [MESSAGE][PASSED] - Navigate to 'https://www.schooolz.com' successfully

2018-12-08 14:29:15 - [TEST_STEP][PASSED] - delay: Delayed 5 second(s)

2018-12-08 14:29:20 - [MESSAGE][PASSED] - Delayed 5 second(s)

2018-12-08 14:29:20 - [TEST_STEP][PASSED] - click: Object: 'Object Repository/HomeScreen/login_btn' is clicked on

2018-12-08 14:29:20 - [MESSAGE][PASSED] - Object: 'Object Repository/HomeScreen/login_btn' is clicked on

2018-12-08 14:29:20 - [TEST_STEP][PASSED] - delay: Delayed 5 second(s)

2018-12-08 14:29:25 - [MESSAGE][PASSED] - Delayed 5 second(s)

2018-12-08 14:29:25 - [TEST_STEP][PASSED] - setText: Text 'parent' is set on object 'Object Repository/HomeScreen/Username_txt'

2018-12-08 14:29:25 - [MESSAGE][PASSED] - Text 'parent' is set on object 'Object Repository/HomeScreen/Username_txt'

2018-12-08 14:29:25 - [TEST_STEP][PASSED] - delay: Delayed 5 second(s)

2018-12-08 14:29:30 - [MESSAGE][PASSED] - Delayed 5 second(s)

2018-12-08 14:29:30 - [TEST_STEP][PASSED] - setText: Text '123456' is set on object 'Object Repository/HomeScreen/Password_txt'

2018-12-08 14:29:31 - [MESSAGE][PASSED] - Text '123456' is set on object 'Object Repository/HomeScreen/Password_txt'

2018-12-08 14:29:31 - [TEST_STEP][PASSED] - delay: Delayed 5 second(s)

2018-12-08 14:29:36 - [MESSAGE][PASSED] - Delayed 5 second(s)

2018-12-08 14:29:36 - [TEST_STEP][PASSED] - click: Object: 'Object Repository/HomeScreen/submit_btn' is clicked on

2018-12-08 14:29:38 - [MESSAGE][PASSED] - Object: 'Object Repository/HomeScreen/submit_btn' is clicked on]]></system-out>
         <system-err><![CDATA[]]></system-err>
      </testcase>
      <testcase name="Test Cases/Final/JoinToSchoool" classname="Test Cases/Final/JoinToSchoool" status="FAILED">
         <failure type="FAILED" message="(Stack trace: com.kms.katalon.core.exception.StepFailedException: Unable to click on object 'Object Repository/join to school/schools_btn' (Root cause: org.openqa.selenium.WebDriverException: unknown error: Element &lt;a tabindex=&quot;11&quot; href=&quot;https://www.schooolz.com/school/all/10&quot;>...&lt;/a> is not clickable at point (1039, 200). Other element would receive the click: &lt;div class=&quot;normal col-sm-6 col-xs-12&quot;>...&lt;/div>
  (Session info: chrome=70.0.3538.110)
  (Driver info: chromedriver=2.35.528161 (5b82f2d2aae0ca24b877009200ced9065a772e73),platform=Windows NT 10.0.17134 x86_64) (WARNING: The server did not provide any stacktrace information)
Command duration or timeout: 0 milliseconds
Build info: version: '3.7.1', revision: '8a0099a', time: '2017-11-06T21:07:36.161Z'
System info: host: 'MKAMEL', ip: '10.1.210.151', os.name: 'Windows 10', os.arch: 'amd64', os.version: '10.0', java.version: '1.8.0_181'
Driver info: com.kms.katalon.selenium.driver.CChromeDriver
Capabilities {acceptInsecureCerts: false, acceptSslCerts: false, applicationCacheEnabled: false, browserConnectionEnabled: false, browserName: chrome, chrome: {chromedriverVersion: 2.35.528161 (5b82f2d2aae0ca..., userDataDir: C:\Users\MA006~1.KAM\AppDat...}, cssSelectorsEnabled: true, databaseEnabled: false, handlesAlerts: true, hasTouchScreen: false, javascriptEnabled: true, locationContextEnabled: true, mobileEmulationEnabled: false, nativeEvents: true, networkConnectionEnabled: false, pageLoadStrategy: normal, platform: XP, platformName: XP, rotatable: false, setWindowRect: true, takesHeapSnapshot: true, takesScreenshot: true, unexpectedAlertBehaviour: , unhandledPromptBehavior: , version: 70.0.3538.110, webStorageEnabled: true}
Session ID: c134d8a5f6e54b2760856c7a4c31c53b)
	at com.kms.katalon.core.keyword.internal.KeywordMain.stepFailed(KeywordMain.groovy:36)
	at com.kms.katalon.core.webui.keyword.internal.WebUIKeywordMain.stepFailed(WebUIKeywordMain.groovy:65)
	at com.kms.katalon.core.webui.keyword.internal.WebUIKeywordMain.runKeyword(WebUIKeywordMain.groovy:27)
	at com.kms.katalon.core.webui.keyword.builtin.ClickKeyword.click(ClickKeyword.groovy:86)
	at com.kms.katalon.core.webui.keyword.builtin.ClickKeyword.execute(ClickKeyword.groovy:67)
	at com.kms.katalon.core.keyword.internal.KeywordExecutor.executeKeywordForPlatform(KeywordExecutor.groovy:53)
	at com.kms.katalon.core.webui.keyword.WebUiBuiltInKeywords.click(WebUiBuiltInKeywords.groovy:616)
	at com.kms.katalon.core.webui.keyword.WebUiBuiltInKeywords$click$6.call(Unknown Source)
	at org.codehaus.groovy.runtime.callsite.CallSiteArray.defaultCall(CallSiteArray.java:48)
	at org.codehaus.groovy.runtime.callsite.AbstractCallSite.call(AbstractCallSite.java:113)
	at org.codehaus.groovy.runtime.callsite.AbstractCallSite.call(AbstractCallSite.java:125)
	at Script1543747816787.run(Script1543747816787.groovy:41)
	at com.kms.katalon.core.main.ScriptEngine.run(ScriptEngine.java:183)
	at com.kms.katalon.core.main.ScriptEngine.runScriptAsRawText(ScriptEngine.java:108)
	at com.kms.katalon.core.main.TestCaseExecutor.runScript(TestCaseExecutor.java:294)
	at com.kms.katalon.core.main.TestCaseExecutor.doExecute(TestCaseExecutor.java:285)
	at com.kms.katalon.core.main.TestCaseExecutor.processExecutionPhase(TestCaseExecutor.java:264)
	at com.kms.katalon.core.main.TestCaseExecutor.accessMainPhase(TestCaseExecutor.java:256)
	at com.kms.katalon.core.main.TestCaseExecutor.execute(TestCaseExecutor.java:200)
	at com.kms.katalon.core.main.TestSuiteExecutor.accessTestCaseMainPhase(TestSuiteExecutor.java:129)
	at com.kms.katalon.core.main.TestSuiteExecutor.accessTestSuiteMainPhase(TestSuiteExecutor.java:112)
	at com.kms.katalon.core.main.TestSuiteExecutor.execute(TestSuiteExecutor.java:81)
	at com.kms.katalon.core.main.TestCaseMain.startTestSuite(TestCaseMain.java:142)
	at com.kms.katalon.core.main.TestCaseMain$startTestSuite$0.call(Unknown Source)
	at org.codehaus.groovy.runtime.callsite.CallSiteArray.defaultCall(CallSiteArray.java:48)
	at org.codehaus.groovy.runtime.callsite.AbstractCallSite.call(AbstractCallSite.java:113)
	at org.codehaus.groovy.runtime.callsite.AbstractCallSite.call(AbstractCallSite.java:141)
	at TempTestSuite1544272076231.run(TempTestSuite1544272076231.groovy:36)
	at groovy.lang.GroovyShell.runScriptOrMainOrTestOrRunnable(GroovyShell.java:263)
	at groovy.lang.GroovyShell.run(GroovyShell.java:518)
	at groovy.lang.GroovyShell.run(GroovyShell.java:507)
	at groovy.ui.GroovyMain.processOnce(GroovyMain.java:653)
	at groovy.ui.GroovyMain.run(GroovyMain.java:384)
	at groovy.ui.GroovyMain.process(GroovyMain.java:370)
	at groovy.ui.GroovyMain.processArgs(GroovyMain.java:129)
	at groovy.ui.GroovyMain.main(GroovyMain.java:109)
	at sun.reflect.NativeMethodAccessorImpl.invoke0(Native Method)
	at sun.reflect.NativeMethodAccessorImpl.invoke(NativeMethodAccessorImpl.java:62)
	at sun.reflect.DelegatingMethodAccessorImpl.invoke(DelegatingMethodAccessorImpl.java:43)
	at java.lang.reflect.Method.invoke(Method.java:498)
	at org.codehaus.groovy.tools.GroovyStarter.rootLoader(GroovyStarter.java:109)
	at org.codehaus.groovy.tools.GroovyStarter.main(GroovyStarter.java:131)
)"/>
         <system-out><![CDATA[2018-12-08 14:29:38 - [TEST_CASE][FAILED] - Test Cases/Final/JoinToSchoool: Test Cases/Final/JoinToSchoool FAILED because (of) (Stack trace: com.kms.katalon.core.exception.StepFailedException: Unable to click on object 'Object Repository/join to school/schools_btn' (Root cause: org.openqa.selenium.WebDriverException: unknown error: Element <a tabindex="11" href="https://www.schooolz.com/school/all/10">...</a> is not clickable at point (1039, 200). Other element would receive the click: <div class="normal col-sm-6 col-xs-12">...</div>
  (Session info: chrome=70.0.3538.110)
  (Driver info: chromedriver=2.35.528161 (5b82f2d2aae0ca24b877009200ced9065a772e73),platform=Windows NT 10.0.17134 x86_64) (WARNING: The server did not provide any stacktrace information)
Command duration or timeout: 0 milliseconds
Build info: version: '3.7.1', revision: '8a0099a', time: '2017-11-06T21:07:36.161Z'
System info: host: 'MKAMEL', ip: '10.1.210.151', os.name: 'Windows 10', os.arch: 'amd64', os.version: '10.0', java.version: '1.8.0_181'
Driver info: com.kms.katalon.selenium.driver.CChromeDriver
Capabilities {acceptInsecureCerts: false, acceptSslCerts: false, applicationCacheEnabled: false, browserConnectionEnabled: false, browserName: chrome, chrome: {chromedriverVersion: 2.35.528161 (5b82f2d2aae0ca..., userDataDir: C:\Users\MA006~1.KAM\AppDat...}, cssSelectorsEnabled: true, databaseEnabled: false, handlesAlerts: true, hasTouchScreen: false, javascriptEnabled: true, locationContextEnabled: true, mobileEmulationEnabled: false, nativeEvents: true, networkConnectionEnabled: false, pageLoadStrategy: normal, platform: XP, platformName: XP, rotatable: false, setWindowRect: true, takesHeapSnapshot: true, takesScreenshot: true, unexpectedAlertBehaviour: , unhandledPromptBehavior: , version: 70.0.3538.110, webStorageEnabled: true}
Session ID: c134d8a5f6e54b2760856c7a4c31c53b)
	at com.kms.katalon.core.keyword.internal.KeywordMain.stepFailed(KeywordMain.groovy:36)
	at com.kms.katalon.core.webui.keyword.internal.WebUIKeywordMain.stepFailed(WebUIKeywordMain.groovy:65)
	at com.kms.katalon.core.webui.keyword.internal.WebUIKeywordMain.runKeyword(WebUIKeywordMain.groovy:27)
	at com.kms.katalon.core.webui.keyword.builtin.ClickKeyword.click(ClickKeyword.groovy:86)
	at com.kms.katalon.core.webui.keyword.builtin.ClickKeyword.execute(ClickKeyword.groovy:67)
	at com.kms.katalon.core.keyword.internal.KeywordExecutor.executeKeywordForPlatform(KeywordExecutor.groovy:53)
	at com.kms.katalon.core.webui.keyword.WebUiBuiltInKeywords.click(WebUiBuiltInKeywords.groovy:616)
	at com.kms.katalon.core.webui.keyword.WebUiBuiltInKeywords$click$6.call(Unknown Source)
	at org.codehaus.groovy.runtime.callsite.CallSiteArray.defaultCall(CallSiteArray.java:48)
	at org.codehaus.groovy.runtime.callsite.AbstractCallSite.call(AbstractCallSite.java:113)
	at org.codehaus.groovy.runtime.callsite.AbstractCallSite.call(AbstractCallSite.java:125)
	at Script1543747816787.run(Script1543747816787.groovy:41)
	at com.kms.katalon.core.main.ScriptEngine.run(ScriptEngine.java:183)
	at com.kms.katalon.core.main.ScriptEngine.runScriptAsRawText(ScriptEngine.java:108)
	at com.kms.katalon.core.main.TestCaseExecutor.runScript(TestCaseExecutor.java:294)
	at com.kms.katalon.core.main.TestCaseExecutor.doExecute(TestCaseExecutor.java:285)
	at com.kms.katalon.core.main.TestCaseExecutor.processExecutionPhase(TestCaseExecutor.java:264)
	at com.kms.katalon.core.main.TestCaseExecutor.accessMainPhase(TestCaseExecutor.java:256)
	at com.kms.katalon.core.main.TestCaseExecutor.execute(TestCaseExecutor.java:200)
	at com.kms.katalon.core.main.TestSuiteExecutor.accessTestCaseMainPhase(TestSuiteExecutor.java:129)
	at com.kms.katalon.core.main.TestSuiteExecutor.accessTestSuiteMainPhase(TestSuiteExecutor.java:112)
	at com.kms.katalon.core.main.TestSuiteExecutor.execute(TestSuiteExecutor.java:81)
	at com.kms.katalon.core.main.TestCaseMain.startTestSuite(TestCaseMain.java:142)
	at com.kms.katalon.core.main.TestCaseMain$startTestSuite$0.call(Unknown Source)
	at org.codehaus.groovy.runtime.callsite.CallSiteArray.defaultCall(CallSiteArray.java:48)
	at org.codehaus.groovy.runtime.callsite.AbstractCallSite.call(AbstractCallSite.java:113)
	at org.codehaus.groovy.runtime.callsite.AbstractCallSite.call(AbstractCallSite.java:141)
	at TempTestSuite1544272076231.run(TempTestSuite1544272076231.groovy:36)
	at groovy.lang.GroovyShell.runScriptOrMainOrTestOrRunnable(GroovyShell.java:263)
	at groovy.lang.GroovyShell.run(GroovyShell.java:518)
	at groovy.lang.GroovyShell.run(GroovyShell.java:507)
	at groovy.ui.GroovyMain.processOnce(GroovyMain.java:653)
	at groovy.ui.GroovyMain.run(GroovyMain.java:384)
	at groovy.ui.GroovyMain.process(GroovyMain.java:370)
	at groovy.ui.GroovyMain.processArgs(GroovyMain.java:129)
	at groovy.ui.GroovyMain.main(GroovyMain.java:109)
	at sun.reflect.NativeMethodAccessorImpl.invoke0(Native Method)
	at sun.reflect.NativeMethodAccessorImpl.invoke(NativeMethodAccessorImpl.java:62)
	at sun.reflect.DelegatingMethodAccessorImpl.invoke(DelegatingMethodAccessorImpl.java:43)
	at java.lang.reflect.Method.invoke(Method.java:498)
	at org.codehaus.groovy.tools.GroovyStarter.rootLoader(GroovyStarter.java:109)
	at org.codehaus.groovy.tools.GroovyStarter.main(GroovyStarter.java:131)
)

2018-12-08 14:29:38 - [TEST_STEP][NOT_RUN] - openBrowser: NOT_RUN: openBrowser

2018-12-08 14:29:38 - [MESSAGE][NOT_RUN] - NOT_RUN: openBrowser

2018-12-08 14:29:38 - [TEST_STEP][NOT_RUN] - maximizeWindow: NOT_RUN: maximizeWindow

2018-12-08 14:29:38 - [MESSAGE][NOT_RUN] - NOT_RUN: maximizeWindow

2018-12-08 14:29:38 - [TEST_STEP][NOT_RUN] - navigateToUrl: NOT_RUN: navigateToUrl

2018-12-08 14:29:38 - [MESSAGE][NOT_RUN] - NOT_RUN: navigateToUrl

2018-12-08 14:29:38 - [TEST_STEP][NOT_RUN] - delay: NOT_RUN: delay

2018-12-08 14:29:38 - [MESSAGE][NOT_RUN] - NOT_RUN: delay

2018-12-08 14:29:38 - [TEST_STEP][NOT_RUN] - click: NOT_RUN: click

2018-12-08 14:29:38 - [MESSAGE][NOT_RUN] - NOT_RUN: click

2018-12-08 14:29:38 - [TEST_STEP][NOT_RUN] - delay: NOT_RUN: delay

2018-12-08 14:29:38 - [MESSAGE][NOT_RUN] - NOT_RUN: delay

2018-12-08 14:29:38 - [TEST_STEP][NOT_RUN] - setText: NOT_RUN: setText

2018-12-08 14:29:38 - [MESSAGE][NOT_RUN] - NOT_RUN: setText

2018-12-08 14:29:38 - [TEST_STEP][NOT_RUN] - delay: NOT_RUN: delay

2018-12-08 14:29:38 - [MESSAGE][NOT_RUN] - NOT_RUN: delay

2018-12-08 14:29:38 - [TEST_STEP][NOT_RUN] - setText: NOT_RUN: setText

2018-12-08 14:29:38 - [MESSAGE][NOT_RUN] - NOT_RUN: setText

2018-12-08 14:29:38 - [TEST_STEP][NOT_RUN] - delay: NOT_RUN: delay

2018-12-08 14:29:38 - [MESSAGE][NOT_RUN] - NOT_RUN: delay

2018-12-08 14:29:38 - [TEST_STEP][NOT_RUN] - click: NOT_RUN: click

2018-12-08 14:29:38 - [MESSAGE][NOT_RUN] - NOT_RUN: click

2018-12-08 14:29:38 - [TEST_STEP][NOT_RUN] - delay: NOT_RUN: delay

2018-12-08 14:29:38 - [MESSAGE][NOT_RUN] - NOT_RUN: delay

2018-12-08 14:29:38 - [TEST_STEP][FAILED] - click: Unable to click on object 'Object Repository/join to school/schools_btn' (Root cause: org.openqa.selenium.WebDriverException: unknown error: Element <a tabindex="11" href="https://www.schooolz.com/school/all/10">...</a> is not clickable at point (1039, 200). Other element would receive the click: <div class="normal col-sm-6 col-xs-12">...</div>
  (Session info: chrome=70.0.3538.110)
  (Driver info: chromedriver=2.35.528161 (5b82f2d2aae0ca24b877009200ced9065a772e73),platform=Windows NT 10.0.17134 x86_64) (WARNING: The server did not provide any stacktrace information)
Command duration or timeout: 0 milliseconds
Build info: version: '3.7.1', revision: '8a0099a', time: '2017-11-06T21:07:36.161Z'
System info: host: 'MKAMEL', ip: '10.1.210.151', os.name: 'Windows 10', os.arch: 'amd64', os.version: '10.0', java.version: '1.8.0_181'
Driver info: com.kms.katalon.selenium.driver.CChromeDriver
Capabilities {acceptInsecureCerts: false, acceptSslCerts: false, applicationCacheEnabled: false, browserConnectionEnabled: false, browserName: chrome, chrome: {chromedriverVersion: 2.35.528161 (5b82f2d2aae0ca..., userDataDir: C:\Users\MA006~1.KAM\AppDat...}, cssSelectorsEnabled: true, databaseEnabled: false, handlesAlerts: true, hasTouchScreen: false, javascriptEnabled: true, locationContextEnabled: true, mobileEmulationEnabled: false, nativeEvents: true, networkConnectionEnabled: false, pageLoadStrategy: normal, platform: XP, platformName: XP, rotatable: false, setWindowRect: true, takesHeapSnapshot: true, takesScreenshot: true, unexpectedAlertBehaviour: , unhandledPromptBehavior: , version: 70.0.3538.110, webStorageEnabled: true}
Session ID: c134d8a5f6e54b2760856c7a4c31c53b)

2018-12-08 14:29:39 - [MESSAGE][FAILED] - Unable to click on object 'Object Repository/join to school/schools_btn' (Root cause: org.openqa.selenium.WebDriverException: unknown error: Element <a tabindex="11" href="https://www.schooolz.com/school/all/10">...</a> is not clickable at point (1039, 200). Other element would receive the click: <div class="normal col-sm-6 col-xs-12">...</div>
  (Session info: chrome=70.0.3538.110)
  (Driver info: chromedriver=2.35.528161 (5b82f2d2aae0ca24b877009200ced9065a772e73),platform=Windows NT 10.0.17134 x86_64) (WARNING: The server did not provide any stacktrace information)
Command duration or timeout: 0 milliseconds
Build info: version: '3.7.1', revision: '8a0099a', time: '2017-11-06T21:07:36.161Z'
System info: host: 'MKAMEL', ip: '10.1.210.151', os.name: 'Windows 10', os.arch: 'amd64', os.version: '10.0', java.version: '1.8.0_181'
Driver info: com.kms.katalon.selenium.driver.CChromeDriver
Capabilities {acceptInsecureCerts: false, acceptSslCerts: false, applicationCacheEnabled: false, browserConnectionEnabled: false, browserName: chrome, chrome: {chromedriverVersion: 2.35.528161 (5b82f2d2aae0ca..., userDataDir: C:\Users\MA006~1.KAM\AppDat...}, cssSelectorsEnabled: true, databaseEnabled: false, handlesAlerts: true, hasTouchScreen: false, javascriptEnabled: true, locationContextEnabled: true, mobileEmulationEnabled: false, nativeEvents: true, networkConnectionEnabled: false, pageLoadStrategy: normal, platform: XP, platformName: XP, rotatable: false, setWindowRect: true, takesHeapSnapshot: true, takesScreenshot: true, unexpectedAlertBehaviour: , unhandledPromptBehavior: , version: 70.0.3538.110, webStorageEnabled: true}
Session ID: c134d8a5f6e54b2760856c7a4c31c53b)
[[ATTACHMENT|C:\\Users\\M.Kamel\\git\\regression2\\Reports\\parent can join to school\\20181208_142756\\1544272178728.png]]]]></system-out>
         <system-err><![CDATA[2018-12-08 14:29:38 - [TEST_CASE][FAILED] - Test Cases/Final/JoinToSchoool: Test Cases/Final/JoinToSchoool FAILED because (of) (Stack trace: com.kms.katalon.core.exception.StepFailedException: Unable to click on object 'Object Repository/join to school/schools_btn' (Root cause: org.openqa.selenium.WebDriverException: unknown error: Element <a tabindex="11" href="https://www.schooolz.com/school/all/10">...</a> is not clickable at point (1039, 200). Other element would receive the click: <div class="normal col-sm-6 col-xs-12">...</div>
  (Session info: chrome=70.0.3538.110)
  (Driver info: chromedriver=2.35.528161 (5b82f2d2aae0ca24b877009200ced9065a772e73),platform=Windows NT 10.0.17134 x86_64) (WARNING: The server did not provide any stacktrace information)
Command duration or timeout: 0 milliseconds
Build info: version: '3.7.1', revision: '8a0099a', time: '2017-11-06T21:07:36.161Z'
System info: host: 'MKAMEL', ip: '10.1.210.151', os.name: 'Windows 10', os.arch: 'amd64', os.version: '10.0', java.version: '1.8.0_181'
Driver info: com.kms.katalon.selenium.driver.CChromeDriver
Capabilities {acceptInsecureCerts: false, acceptSslCerts: false, applicationCacheEnabled: false, browserConnectionEnabled: false, browserName: chrome, chrome: {chromedriverVersion: 2.35.528161 (5b82f2d2aae0ca..., userDataDir: C:\Users\MA006~1.KAM\AppDat...}, cssSelectorsEnabled: true, databaseEnabled: false, handlesAlerts: true, hasTouchScreen: false, javascriptEnabled: true, locationContextEnabled: true, mobileEmulationEnabled: false, nativeEvents: true, networkConnectionEnabled: false, pageLoadStrategy: normal, platform: XP, platformName: XP, rotatable: false, setWindowRect: true, takesHeapSnapshot: true, takesScreenshot: true, unexpectedAlertBehaviour: , unhandledPromptBehavior: , version: 70.0.3538.110, webStorageEnabled: true}
Session ID: c134d8a5f6e54b2760856c7a4c31c53b)
	at com.kms.katalon.core.keyword.internal.KeywordMain.stepFailed(KeywordMain.groovy:36)
	at com.kms.katalon.core.webui.keyword.internal.WebUIKeywordMain.stepFailed(WebUIKeywordMain.groovy:65)
	at com.kms.katalon.core.webui.keyword.internal.WebUIKeywordMain.runKeyword(WebUIKeywordMain.groovy:27)
	at com.kms.katalon.core.webui.keyword.builtin.ClickKeyword.click(ClickKeyword.groovy:86)
	at com.kms.katalon.core.webui.keyword.builtin.ClickKeyword.execute(ClickKeyword.groovy:67)
	at com.kms.katalon.core.keyword.internal.KeywordExecutor.executeKeywordForPlatform(KeywordExecutor.groovy:53)
	at com.kms.katalon.core.webui.keyword.WebUiBuiltInKeywords.click(WebUiBuiltInKeywords.groovy:616)
	at com.kms.katalon.core.webui.keyword.WebUiBuiltInKeywords$click$6.call(Unknown Source)
	at org.codehaus.groovy.runtime.callsite.CallSiteArray.defaultCall(CallSiteArray.java:48)
	at org.codehaus.groovy.runtime.callsite.AbstractCallSite.call(AbstractCallSite.java:113)
	at org.codehaus.groovy.runtime.callsite.AbstractCallSite.call(AbstractCallSite.java:125)
	at Script1543747816787.run(Script1543747816787.groovy:41)
	at com.kms.katalon.core.main.ScriptEngine.run(ScriptEngine.java:183)
	at com.kms.katalon.core.main.ScriptEngine.runScriptAsRawText(ScriptEngine.java:108)
	at com.kms.katalon.core.main.TestCaseExecutor.runScript(TestCaseExecutor.java:294)
	at com.kms.katalon.core.main.TestCaseExecutor.doExecute(TestCaseExecutor.java:285)
	at com.kms.katalon.core.main.TestCaseExecutor.processExecutionPhase(TestCaseExecutor.java:264)
	at com.kms.katalon.core.main.TestCaseExecutor.accessMainPhase(TestCaseExecutor.java:256)
	at com.kms.katalon.core.main.TestCaseExecutor.execute(TestCaseExecutor.java:200)
	at com.kms.katalon.core.main.TestSuiteExecutor.accessTestCaseMainPhase(TestSuiteExecutor.java:129)
	at com.kms.katalon.core.main.TestSuiteExecutor.accessTestSuiteMainPhase(TestSuiteExecutor.java:112)
	at com.kms.katalon.core.main.TestSuiteExecutor.execute(TestSuiteExecutor.java:81)
	at com.kms.katalon.core.main.TestCaseMain.startTestSuite(TestCaseMain.java:142)
	at com.kms.katalon.core.main.TestCaseMain$startTestSuite$0.call(Unknown Source)
	at org.codehaus.groovy.runtime.callsite.CallSiteArray.defaultCall(CallSiteArray.java:48)
	at org.codehaus.groovy.runtime.callsite.AbstractCallSite.call(AbstractCallSite.java:113)
	at org.codehaus.groovy.runtime.callsite.AbstractCallSite.call(AbstractCallSite.java:141)
	at TempTestSuite1544272076231.run(TempTestSuite1544272076231.groovy:36)
	at groovy.lang.GroovyShell.runScriptOrMainOrTestOrRunnable(GroovyShell.java:263)
	at groovy.lang.GroovyShell.run(GroovyShell.java:518)
	at groovy.lang.GroovyShell.run(GroovyShell.java:507)
	at groovy.ui.GroovyMain.processOnce(GroovyMain.java:653)
	at groovy.ui.GroovyMain.run(GroovyMain.java:384)
	at groovy.ui.GroovyMain.process(GroovyMain.java:370)
	at groovy.ui.GroovyMain.processArgs(GroovyMain.java:129)
	at groovy.ui.GroovyMain.main(GroovyMain.java:109)
	at sun.reflect.NativeMethodAccessorImpl.invoke0(Native Method)
	at sun.reflect.NativeMethodAccessorImpl.invoke(NativeMethodAccessorImpl.java:62)
	at sun.reflect.DelegatingMethodAccessorImpl.invoke(DelegatingMethodAccessorImpl.java:43)
	at java.lang.reflect.Method.invoke(Method.java:498)
	at org.codehaus.groovy.tools.GroovyStarter.rootLoader(GroovyStarter.java:109)
	at org.codehaus.groovy.tools.GroovyStarter.main(GroovyStarter.java:131)
)]]></system-err>
      </testcase>
      <system-out><![CDATA[2018-12-08 14:28:00 - [TEST_SUITE][FAILED] - parent can join to school: Test Cases/Final/JoinToSchoool FAILED because (of) (Stack trace: com.kms.katalon.core.exception.StepFailedException: Unable to click on object 'Object Repository/join to school/schools_btn' (Root cause: org.openqa.selenium.WebDriverException: unknown error: Element <a tabindex="11" href="https://www.schooolz.com/school/all/10">...</a> is not clickable at point (1039, 200). Other element would receive the click: <div class="normal col-sm-6 col-xs-12">...</div>
  (Session info: chrome=70.0.3538.110)
  (Driver info: chromedriver=2.35.528161 (5b82f2d2aae0ca24b877009200ced9065a772e73),platform=Windows NT 10.0.17134 x86_64) (WARNING: The server did not provide any stacktrace information)
Command duration or timeout: 0 milliseconds
Build info: version: '3.7.1', revision: '8a0099a', time: '2017-11-06T21:07:36.161Z'
System info: host: 'MKAMEL', ip: '10.1.210.151', os.name: 'Windows 10', os.arch: 'amd64', os.version: '10.0', java.version: '1.8.0_181'
Driver info: com.kms.katalon.selenium.driver.CChromeDriver
Capabilities {acceptInsecureCerts: false, acceptSslCerts: false, applicationCacheEnabled: false, browserConnectionEnabled: false, browserName: chrome, chrome: {chromedriverVersion: 2.35.528161 (5b82f2d2aae0ca..., userDataDir: C:\Users\MA006~1.KAM\AppDat...}, cssSelectorsEnabled: true, databaseEnabled: false, handlesAlerts: true, hasTouchScreen: false, javascriptEnabled: true, locationContextEnabled: true, mobileEmulationEnabled: false, nativeEvents: true, networkConnectionEnabled: false, pageLoadStrategy: normal, platform: XP, platformName: XP, rotatable: false, setWindowRect: true, takesHeapSnapshot: true, takesScreenshot: true, unexpectedAlertBehaviour: , unhandledPromptBehavior: , version: 70.0.3538.110, webStorageEnabled: true}
Session ID: c134d8a5f6e54b2760856c7a4c31c53b)
	at com.kms.katalon.core.keyword.internal.KeywordMain.stepFailed(KeywordMain.groovy:36)
	at com.kms.katalon.core.webui.keyword.internal.WebUIKeywordMain.stepFailed(WebUIKeywordMain.groovy:65)
	at com.kms.katalon.core.webui.keyword.internal.WebUIKeywordMain.runKeyword(WebUIKeywordMain.groovy:27)
	at com.kms.katalon.core.webui.keyword.builtin.ClickKeyword.click(ClickKeyword.groovy:86)
	at com.kms.katalon.core.webui.keyword.builtin.ClickKeyword.execute(ClickKeyword.groovy:67)
	at com.kms.katalon.core.keyword.internal.KeywordExecutor.executeKeywordForPlatform(KeywordExecutor.groovy:53)
	at com.kms.katalon.core.webui.keyword.WebUiBuiltInKeywords.click(WebUiBuiltInKeywords.groovy:616)
	at com.kms.katalon.core.webui.keyword.WebUiBuiltInKeywords$click$6.call(Unknown Source)
	at org.codehaus.groovy.runtime.callsite.CallSiteArray.defaultCall(CallSiteArray.java:48)
	at org.codehaus.groovy.runtime.callsite.AbstractCallSite.call(AbstractCallSite.java:113)
	at org.codehaus.groovy.runtime.callsite.AbstractCallSite.call(AbstractCallSite.java:125)
	at Script1543747816787.run(Script1543747816787.groovy:41)
	at com.kms.katalon.core.main.ScriptEngine.run(ScriptEngine.java:183)
	at com.kms.katalon.core.main.ScriptEngine.runScriptAsRawText(ScriptEngine.java:108)
	at com.kms.katalon.core.main.TestCaseExecutor.runScript(TestCaseExecutor.java:294)
	at com.kms.katalon.core.main.TestCaseExecutor.doExecute(TestCaseExecutor.java:285)
	at com.kms.katalon.core.main.TestCaseExecutor.processExecutionPhase(TestCaseExecutor.java:264)
	at com.kms.katalon.core.main.TestCaseExecutor.accessMainPhase(TestCaseExecutor.java:256)
	at com.kms.katalon.core.main.TestCaseExecutor.execute(TestCaseExecutor.java:200)
	at com.kms.katalon.core.main.TestSuiteExecutor.accessTestCaseMainPhase(TestSuiteExecutor.java:129)
	at com.kms.katalon.core.main.TestSuiteExecutor.accessTestSuiteMainPhase(TestSuiteExecutor.java:112)
	at com.kms.katalon.core.main.TestSuiteExecutor.execute(TestSuiteExecutor.java:81)
	at com.kms.katalon.core.main.TestCaseMain.startTestSuite(TestCaseMain.java:142)
	at com.kms.katalon.core.main.TestCaseMain$startTestSuite$0.call(Unknown Source)
	at org.codehaus.groovy.runtime.callsite.CallSiteArray.defaultCall(CallSiteArray.java:48)
	at org.codehaus.groovy.runtime.callsite.AbstractCallSite.call(AbstractCallSite.java:113)
	at org.codehaus.groovy.runtime.callsite.AbstractCallSite.call(AbstractCallSite.java:141)
	at TempTestSuite1544272076231.run(TempTestSuite1544272076231.groovy:36)
	at groovy.lang.GroovyShell.runScriptOrMainOrTestOrRunnable(GroovyShell.java:263)
	at groovy.lang.GroovyShell.run(GroovyShell.java:518)
	at groovy.lang.GroovyShell.run(GroovyShell.java:507)
	at groovy.ui.GroovyMain.processOnce(GroovyMain.java:653)
	at groovy.ui.GroovyMain.run(GroovyMain.java:384)
	at groovy.ui.GroovyMain.process(GroovyMain.java:370)
	at groovy.ui.GroovyMain.processArgs(GroovyMain.java:129)
	at groovy.ui.GroovyMain.main(GroovyMain.java:109)
	at sun.reflect.NativeMethodAccessorImpl.invoke0(Native Method)
	at sun.reflect.NativeMethodAccessorImpl.invoke(NativeMethodAccessorImpl.java:62)
	at sun.reflect.DelegatingMethodAccessorImpl.invoke(DelegatingMethodAccessorImpl.java:43)
	at java.lang.reflect.Method.invoke(Method.java:498)
	at org.codehaus.groovy.tools.GroovyStarter.rootLoader(GroovyStarter.java:109)
	at org.codehaus.groovy.tools.GroovyStarter.main(GroovyStarter.java:131)
)]]></system-out>
      <system-err><![CDATA[2018-12-08 14:28:00 - [TEST_SUITE][FAILED] - parent can join to school: Test Cases/Final/JoinToSchoool FAILED because (of) (Stack trace: com.kms.katalon.core.exception.StepFailedException: Unable to click on object 'Object Repository/join to school/schools_btn' (Root cause: org.openqa.selenium.WebDriverException: unknown error: Element <a tabindex="11" href="https://www.schooolz.com/school/all/10">...</a> is not clickable at point (1039, 200). Other element would receive the click: <div class="normal col-sm-6 col-xs-12">...</div>
  (Session info: chrome=70.0.3538.110)
  (Driver info: chromedriver=2.35.528161 (5b82f2d2aae0ca24b877009200ced9065a772e73),platform=Windows NT 10.0.17134 x86_64) (WARNING: The server did not provide any stacktrace information)
Command duration or timeout: 0 milliseconds
Build info: version: '3.7.1', revision: '8a0099a', time: '2017-11-06T21:07:36.161Z'
System info: host: 'MKAMEL', ip: '10.1.210.151', os.name: 'Windows 10', os.arch: 'amd64', os.version: '10.0', java.version: '1.8.0_181'
Driver info: com.kms.katalon.selenium.driver.CChromeDriver
Capabilities {acceptInsecureCerts: false, acceptSslCerts: false, applicationCacheEnabled: false, browserConnectionEnabled: false, browserName: chrome, chrome: {chromedriverVersion: 2.35.528161 (5b82f2d2aae0ca..., userDataDir: C:\Users\MA006~1.KAM\AppDat...}, cssSelectorsEnabled: true, databaseEnabled: false, handlesAlerts: true, hasTouchScreen: false, javascriptEnabled: true, locationContextEnabled: true, mobileEmulationEnabled: false, nativeEvents: true, networkConnectionEnabled: false, pageLoadStrategy: normal, platform: XP, platformName: XP, rotatable: false, setWindowRect: true, takesHeapSnapshot: true, takesScreenshot: true, unexpectedAlertBehaviour: , unhandledPromptBehavior: , version: 70.0.3538.110, webStorageEnabled: true}
Session ID: c134d8a5f6e54b2760856c7a4c31c53b)
	at com.kms.katalon.core.keyword.internal.KeywordMain.stepFailed(KeywordMain.groovy:36)
	at com.kms.katalon.core.webui.keyword.internal.WebUIKeywordMain.stepFailed(WebUIKeywordMain.groovy:65)
	at com.kms.katalon.core.webui.keyword.internal.WebUIKeywordMain.runKeyword(WebUIKeywordMain.groovy:27)
	at com.kms.katalon.core.webui.keyword.builtin.ClickKeyword.click(ClickKeyword.groovy:86)
	at com.kms.katalon.core.webui.keyword.builtin.ClickKeyword.execute(ClickKeyword.groovy:67)
	at com.kms.katalon.core.keyword.internal.KeywordExecutor.executeKeywordForPlatform(KeywordExecutor.groovy:53)
	at com.kms.katalon.core.webui.keyword.WebUiBuiltInKeywords.click(WebUiBuiltInKeywords.groovy:616)
	at com.kms.katalon.core.webui.keyword.WebUiBuiltInKeywords$click$6.call(Unknown Source)
	at org.codehaus.groovy.runtime.callsite.CallSiteArray.defaultCall(CallSiteArray.java:48)
	at org.codehaus.groovy.runtime.callsite.AbstractCallSite.call(AbstractCallSite.java:113)
	at org.codehaus.groovy.runtime.callsite.AbstractCallSite.call(AbstractCallSite.java:125)
	at Script1543747816787.run(Script1543747816787.groovy:41)
	at com.kms.katalon.core.main.ScriptEngine.run(ScriptEngine.java:183)
	at com.kms.katalon.core.main.ScriptEngine.runScriptAsRawText(ScriptEngine.java:108)
	at com.kms.katalon.core.main.TestCaseExecutor.runScript(TestCaseExecutor.java:294)
	at com.kms.katalon.core.main.TestCaseExecutor.doExecute(TestCaseExecutor.java:285)
	at com.kms.katalon.core.main.TestCaseExecutor.processExecutionPhase(TestCaseExecutor.java:264)
	at com.kms.katalon.core.main.TestCaseExecutor.accessMainPhase(TestCaseExecutor.java:256)
	at com.kms.katalon.core.main.TestCaseExecutor.execute(TestCaseExecutor.java:200)
	at com.kms.katalon.core.main.TestSuiteExecutor.accessTestCaseMainPhase(TestSuiteExecutor.java:129)
	at com.kms.katalon.core.main.TestSuiteExecutor.accessTestSuiteMainPhase(TestSuiteExecutor.java:112)
	at com.kms.katalon.core.main.TestSuiteExecutor.execute(TestSuiteExecutor.java:81)
	at com.kms.katalon.core.main.TestCaseMain.startTestSuite(TestCaseMain.java:142)
	at com.kms.katalon.core.main.TestCaseMain$startTestSuite$0.call(Unknown Source)
	at org.codehaus.groovy.runtime.callsite.CallSiteArray.defaultCall(CallSiteArray.java:48)
	at org.codehaus.groovy.runtime.callsite.AbstractCallSite.call(AbstractCallSite.java:113)
	at org.codehaus.groovy.runtime.callsite.AbstractCallSite.call(AbstractCallSite.java:141)
	at TempTestSuite1544272076231.run(TempTestSuite1544272076231.groovy:36)
	at groovy.lang.GroovyShell.runScriptOrMainOrTestOrRunnable(GroovyShell.java:263)
	at groovy.lang.GroovyShell.run(GroovyShell.java:518)
	at groovy.lang.GroovyShell.run(GroovyShell.java:507)
	at groovy.ui.GroovyMain.processOnce(GroovyMain.java:653)
	at groovy.ui.GroovyMain.run(GroovyMain.java:384)
	at groovy.ui.GroovyMain.process(GroovyMain.java:370)
	at groovy.ui.GroovyMain.processArgs(GroovyMain.java:129)
	at groovy.ui.GroovyMain.main(GroovyMain.java:109)
	at sun.reflect.NativeMethodAccessorImpl.invoke0(Native Method)
	at sun.reflect.NativeMethodAccessorImpl.invoke(NativeMethodAccessorImpl.java:62)
	at sun.reflect.DelegatingMethodAccessorImpl.invoke(DelegatingMethodAccessorImpl.java:43)
	at java.lang.reflect.Method.invoke(Method.java:498)
	at org.codehaus.groovy.tools.GroovyStarter.rootLoader(GroovyStarter.java:109)
	at org.codehaus.groovy.tools.GroovyStarter.main(GroovyStarter.java:131)
)]]></system-err>
   </testsuite>
</testsuites>
